{"level":"info","message":"Balance Inquiry API running on portAPIBalanceInquiry 3000."}
{"level":"info","message":"IPC API running on portApiIpc 3010."}
{"level":"info","message":"Balance Inquiry API running on portAPIBalanceInquiry 3000."}
{"level":"info","message":"IPC API running on portApiIpc 3010."}
{"level":"info","message":"Balance Inquiry API running on portAPIBalanceInquiry 3000."}
{"level":"info","message":"IPC API running on portApiIpc 3010."}
{"level":"info","message":"Balance Inquiry API running on portAPIBalanceInquiry 3000."}
{"level":"info","message":"IPC API running on portApiIpc 3010."}
{"level":"info","message":"Balance Inquiry API running on portAPIBalanceInquiry 3000."}
{"level":"info","message":"IPC API running on portApiIpc 3010."}
{"level":"info","message":"Balance Inquiry API running on portAPIBalanceInquiry 3000."}
{"level":"info","message":"IPC API running on portApiIpc 3010."}
{"level":"info","message":"Balance Inquiry API running on portAPIBalanceInquiry 3000."}
{"level":"info","message":"IPC API running on portApiIpc 3010."}
{"level":"info","message":"Balance Inquiry API running on portAPIBalanceInquiry 3000."}
{"level":"info","message":"IPC API running on portApiIpc 3010."}
{"level":"info","message":"Balance Inquiry API running on portAPIBalanceInquiry 3000."}
{"level":"info","message":"IPC API running on portApiIpc 3010."}
{"level":"info","message":"Balance Inquiry API running on portAPIBalanceInquiry 3000."}
{"level":"info","message":"IPC API running on portApiIpc 3010."}
{"level":"info","message":"Balance Inquiry API running on portAPIBalanceInquiry 3000."}
{"level":"info","message":"IPC API running on portApiIpc 3010."}
{"level":"info","message":"Balance Inquiry API running on portAPIBalanceInquiry 3000."}
{"level":"info","message":"IPC API running on portApiIpc 3010."}
{"level":"info","message":"Balance Inquiry API running on portAPIBalanceInquiry 3000."}
{"level":"info","message":"IPC API running on portApiIpc 3010."}
{"level":"info","message":"Balance Inquiry API running on portAPIBalanceInquiry 3000."}
{"level":"info","message":"IPC API running on portApiIpc 3010."}
{"level":"info","message":"Balance Inquiry API running on portAPIBalanceInquiry 3000."}
{"level":"info","message":"IPC API running on portApiIpc 3010."}
{"level":"info","message":"Balance Inquiry API running on portAPIBalanceInquiry 3000."}
{"level":"info","message":"IPC API running on portApiIpc 3010."}
{"level":"info","message":"Balance Inquiry API running on portAPIBalanceInquiry 3000."}
{"level":"info","message":"IPC API running on portApiIpc 3010."}
{"level":"info","message":"Balance Inquiry API running on portAPIBalanceInquiry 3000."}
{"level":"info","message":"IPC API running on portApiIpc 3010."}
{"level":"info","message":"Balance Inquiry API running on portAPIBalanceInquiry 3000."}
{"level":"info","message":"IPC API running on portApiIpc 3010."}
{"level":"info","message":"Balance Inquiry API running on portAPIBalanceInquiry 3000."}
{"level":"info","message":"IPC API running on portApiIpc 3010."}
{"level":"info","message":"Balance Inquiry API running on portAPIBalanceInquiry 3000."}
{"level":"info","message":"IPC API running on portApiIpc 3010."}
{"level":"info","message":"Balance Inquiry API running on portAPIBalanceInquiry 3000."}
{"level":"info","message":"IPC API running on portApiIpc 3010."}
{"level":"info","message":"Balance Inquiry API running on portAPIBalanceInquiry 3000."}
{"level":"info","message":"IPC API running on portApiIpc 3010."}
{"level":"info","message":"Balance Inquiry API running on portAPIBalanceInquiry 3000."}
{"level":"info","message":"IPC API running on portApiIpc 3010."}
{"level":"info","message":"Balance Inquiry API running on portAPIBalanceInquiry 3000."}
{"level":"info","message":"IPC API running on portApiIpc 3010."}
{"level":"info","message":"Balance Inquiry API running on portAPIBalanceInquiry 3000."}
{"level":"info","message":"IPC API running on portApiIpc 3010."}
{"level":"info","message":"Balance Inquiry API running on portAPIBalanceInquiry 3000."}
{"level":"info","message":"IPC API running on portApiIpc 3010."}
{"code":"42703","file":"parse_relation.c","hint":"Perhaps you meant to reference the column \"accountdetails.accountnumber\".","length":187,"level":"error","line":"3599","name":"error","position":"36","routine":"errorMissingColumn","severity":"ERROR"}
{"level":"info","message":"Balance Inquiry API running on portAPIBalanceInquiry 3000."}
{"level":"info","message":"IPC API running on portApiIpc 3010."}
{"code":"ERR_HTTP_HEADERS_SENT","level":"error"}
{"level":"info","message":"Balance Inquiry API running on portAPIBalanceInquiry 3000."}
{"level":"info","message":"IPC API running on portApiIpc 3010."}
{"level":"info","message":"Balance Inquiry API running on portAPIBalanceInquiry 3000."}
{"level":"info","message":"IPC API running on portApiIpc 3010."}
{"level":"info","message":"Balance Inquiry API running on portAPIBalanceInquiry 3000."}
{"level":"info","message":"IPC API running on portApiIpc 3010."}
{"level":"info","message":"Balance Inquiry API running on portAPIBalanceInquiry 3000."}
{"level":"info","message":"IPC API running on portApiIpc 3010."}
{"level":"info","message":"Balance Inquiry API running on portAPIBalanceInquiry 3000."}
{"level":"info","message":"IPC API running on portApiIpc 3010."}
{"level":"info","message":"Balance Inquiry API running on portAPIBalanceInquiry 3000."}
{"level":"info","message":"IPC API running on portApiIpc 3010."}
{"level":"info","message":"Balance Inquiry API running on portAPIBalanceInquiry 3000."}
{"level":"info","message":"IPC API running on portApiIpc 3010."}
{"level":"info","message":"Balance Inquiry API running on portAPIBalanceInquiry 3000."}
{"level":"info","message":"IPC API running on portApiIpc 3010."}
{"level":"info","message":"Balance Inquiry API running on portAPIBalanceInquiry 3000."}
{"level":"info","message":"IPC API running on portApiIpc 3010."}
{"level":"info","message":"Balance Inquiry API running on portAPIBalanceInquiry 3000."}
{"level":"info","message":"IPC API running on portApiIpc 3010."}
{"level":"info","message":"Balance Inquiry API running on portAPIBalanceInquiry 3000."}
{"level":"info","message":"IPC API running on portApiIpc 3010."}
{"level":"info","message":"Balance Inquiry API running on portAPIBalanceInquiry 3000."}
{"level":"info","message":"IPC API running on portApiIpc 3010."}
{"code":"28000","file":"auth.c","length":160,"level":"error","line":"552","name":"error","routine":"ClientAuthentication","severity":"FATAL"}
{"level":"info","message":"Balance Inquiry API running on portAPIBalanceInquiry 3000."}
{"level":"info","message":"IPC API running on portApiIpc 3010."}
{"code":"28000","file":"auth.c","length":160,"level":"error","line":"552","name":"error","routine":"ClientAuthentication","severity":"FATAL"}
{"level":"info","message":"Balance Inquiry API running on portAPIBalanceInquiry 3000."}
{"level":"info","message":"IPC API running on portApiIpc 3010."}
{"code":"28000","file":"auth.c","length":159,"level":"error","line":"552","name":"error","routine":"ClientAuthentication","severity":"FATAL"}
{"level":"info","message":"Balance Inquiry API running on portAPIBalanceInquiry 3000."}
{"level":"info","message":"IPC API running on portApiIpc 3010."}
{"code":"3D000","file":"postinit.c","length":106,"level":"error","line":"887","name":"error","routine":"InitPostgres","severity":"FATAL"}
{"level":"info","message":"Balance Inquiry API running on portAPIBalanceInquiry 3000."}
{"level":"info","message":"IPC API running on portApiIpc 3010."}
{"level":"info","message":"Balance Inquiry API running on portAPIBalanceInquiry 3000."}
{"level":"info","message":"IPC API running on portApiIpc 3010."}
{"code":"3D000","file":"postinit.c","length":122,"level":"error","line":"887","name":"error","routine":"InitPostgres","severity":"FATAL"}
{"level":"info","message":"Balance Inquiry API running on portAPIBalanceInquiry 3000."}
{"level":"info","message":"IPC API running on portApiIpc 3010."}
{"level":"info","message":"Balance Inquiry API running on portAPIBalanceInquiry 3000."}
{"level":"info","message":"IPC API running on portApiIpc 3010."}
{"level":"info","message":"Balance Inquiry API running on portAPIBalanceInquiry 3000."}
{"level":"info","message":"IPC API running on portApiIpc 3010."}
{"level":"info","message":"Balance Inquiry API running on portAPIBalanceInquiry 3000."}
{"level":"info","message":"IPC API running on portApiIpc 3010."}
{"level":"info","message":"Balance Inquiry API running on portAPIBalanceInquiry 3000."}
{"level":"info","message":"IPC API running on portApiIpc 3010."}
{"code":"42P01","file":"parse_relation.c","length":112,"level":"error","line":"1384","name":"error","position":"15","routine":"parserOpenTable","severity":"ERROR"}
{"level":"info","message":"Balance Inquiry API running on portAPIBalanceInquiry 3000."}
{"level":"info","message":"IPC API running on portApiIpc 3010."}
{"code":"42P01","file":"parse_relation.c","length":112,"level":"error","line":"1384","name":"error","position":"15","routine":"parserOpenTable","severity":"ERROR"}
{"level":"info","message":"Balance Inquiry API running on portAPIBalanceInquiry 3000."}
{"level":"info","message":"IPC API running on portApiIpc 3010."}
{"level":"error","message":null}
{"level":"info","message":"Balance Inquiry API running on portAPIBalanceInquiry 3000."}
{"level":"info","message":"IPC API running on portApiIpc 3010."}
{"level":"error","message":null}
{"level":"info","message":"Balance Inquiry API running on portAPIBalanceInquiry 3000."}
{"level":"info","message":"IPC API running on portApiIpc 3010."}
{"level":"info","message":"Balance Inquiry API running on portAPIBalanceInquiry 3000."}
{"level":"info","message":"IPC API running on portApiIpc 3010."}
{"level":"error","message":null}
{"level":"info","message":"Balance Inquiry API running on portAPIBalanceInquiry 3000."}
{"level":"info","message":"IPC API running on portApiIpc 3010."}
{"level":"info","message":"Balance Inquiry API running on portAPIBalanceInquiry 3000."}
{"level":"info","message":"IPC API running on portApiIpc 3010."}
{"level":"info","message":"Balance Inquiry API running on portAPIBalanceInquiry 3000."}
{"level":"info","message":"IPC API running on portApiIpc 3010."}
{"level":"info","message":"Balance Inquiry API running on portAPIBalanceInquiry 3000."}
{"level":"info","message":"IPC API running on portApiIpc 3010."}
{"code":"42601","file":"scan.l","length":90,"level":"error","line":"1172","name":"error","position":"5","routine":"scanner_yyerror","severity":"ERROR"}
{"level":"info","message":"Balance Inquiry API running on portAPIBalanceInquiry 3000."}
{"level":"info","message":"IPC API running on portApiIpc 3010."}
{"level":"info","message":"Balance Inquiry API running on portAPIBalanceInquiry 3000."}
{"level":"info","message":"IPC API running on portApiIpc 3010."}
{"level":"info","message":"Balance Inquiry API running on portAPIBalanceInquiry 3000."}
{"level":"info","message":"IPC API running on portApiIpc 3010."}
{"level":"info","message":"Balance Inquiry API running on portAPIBalanceInquiry 3000."}
{"level":"info","message":"IPC API running on portApiIpc 3010."}
{"level":"info","message":"Balance Inquiry API running on portAPIBalanceInquiry 3000."}
{"level":"info","message":"IPC API running on portApiIpc 3010."}
{"level":"info","message":"Balance Inquiry API running on portAPIBalanceInquiry 3000."}
{"level":"info","message":"IPC API running on portApiIpc 3010."}
{"level":"error"}
{"level":"info","message":"Balance Inquiry API running on portAPIBalanceInquiry 3000."}
{"level":"info","message":"IPC API running on portApiIpc 3010."}
{"level":"info","message":"Balance Inquiry API running on portAPIBalanceInquiry 3000."}
{"level":"info","message":"IPC API running on portApiIpc 3010."}
{"level":"info","message":"Balance Inquiry API running on portAPIBalanceInquiry 3000."}
{"level":"info","message":"IPC API running on portApiIpc 3010."}
{"level":"info","message":"Balance Inquiry API running on portAPIBalanceInquiry 3000."}
{"level":"info","message":"IPC API running on portApiIpc 3010."}
{"level":"info","message":"Balance Inquiry API running on portAPIBalanceInquiry 3000."}
{"level":"info","message":"IPC API running on portApiIpc 3010."}
{"level":"info","message":"Balance Inquiry API running on portAPIBalanceInquiry 3000."}
{"level":"info","message":"IPC API running on portApiIpc 3010."}
{"level":"info","message":"Balance Inquiry API running on portAPIBalanceInquiry 3000."}
{"level":"info","message":"IPC API running on portApiIpc 3010."}
{"level":"info","message":"Balance Inquiry API running on portAPIBalanceInquiry 3000."}
{"level":"info","message":"IPC API running on portApiIpc 3010."}
{"level":"info","message":"Balance Inquiry API running on portAPIBalanceInquiry 3000."}
{"level":"info","message":"IPC API running on portApiIpc 3010."}
{"level":"info","message":"Balance Inquiry API running on portAPIBalanceInquiry 3000."}
{"level":"info","message":"IPC API running on portApiIpc 3010."}
{"level":"info","message":"Balance Inquiry API running on portAPIBalanceInquiry 3000."}
{"level":"info","message":"IPC API running on portApiIpc 3010."}
{"level":"info","message":"Balance Inquiry API running on portAPIBalanceInquiry 3000."}
{"level":"info","message":"IPC API running on portApiIpc 3010."}
{"level":"info","message":"Balance Inquiry API running on portAPIBalanceInquiry 3000."}
{"level":"info","message":"IPC API running on portApiIpc 3010."}
{"level":"info","message":"Balance Inquiry API running on portAPIBalanceInquiry 3000."}
{"level":"info","message":"IPC API running on portApiIpc 3010."}
{"code":"42703","file":"parse_relation.c","length":106,"level":"error","line":"3599","name":"error","position":"50","routine":"errorMissingColumn","severity":"ERROR"}
{"level":"info","message":"Balance Inquiry API running on portAPIBalanceInquiry 3000."}
{"level":"info","message":"IPC API running on portApiIpc 3010."}
{"level":"info","message":"Balance Inquiry API running on portAPIBalanceInquiry 3000."}
{"level":"info","message":"IPC API running on portApiIpc 3010."}
{"level":"info","message":"Balance Inquiry API running on portAPIBalanceInquiry 3000."}
{"level":"info","message":"IPC API running on portApiIpc 3010."}
{"level":"info","message":"Balance Inquiry API running on portAPIBalanceInquiry 3000."}
{"level":"info","message":"IPC API running on portApiIpc 3010."}
{"level":"info","message":"Balance Inquiry API running on portAPIBalanceInquiry 3000."}
{"level":"info","message":"IPC API running on portApiIpc 3010."}
{"level":"info","message":"Balance Inquiry API running on portAPIBalanceInquiry 3000."}
{"level":"info","message":"IPC API running on portApiIpc 3010."}
{"level":"info","message":"Balance Inquiry API running on portAPIBalanceInquiry 3000."}
{"level":"info","message":"IPC API running on portApiIpc 3010."}
{"level":"info","message":"Balance Inquiry API running on portAPIBalanceInquiry 3000."}
{"level":"info","message":"IPC API running on portApiIpc 3010."}
{"level":"info","message":"Balance Inquiry API running on portAPIBalanceInquiry 3000."}
{"level":"info","message":"IPC API running on portApiIpc 3010."}
{"level":"info","message":"Balance Inquiry API running on portAPIBalanceInquiry 3000."}
{"level":"info","message":"IPC API running on portApiIpc 3010."}
{"level":"info","message":"Balance Inquiry API running on portAPIBalanceInquiry 3000."}
{"level":"info","message":"IPC API running on portApiIpc 3010."}
{"level":"info","message":"Balance Inquiry API running on portAPIBalanceInquiry 3000."}
{"level":"info","message":"IPC API running on portApiIpc 3010."}
{"level":"info","message":"Balance Inquiry API running on portAPIBalanceInquiry 3000."}
{"level":"info","message":"IPC API running on portApiIpc 3010."}
{"level":"info","message":"Balance Inquiry API running on portAPIBalanceInquiry 3000."}
{"level":"info","message":"IPC API running on portApiIpc 3010."}
{"level":"info","message":"Balance Inquiry API running on portAPIBalanceInquiry 3000."}
{"level":"info","message":"IPC API running on portApiIpc 3010."}
{"level":"info","message":"Balance Inquiry API running on portAPIBalanceInquiry 3000."}
{"level":"info","message":"IPC API running on portApiIpc 3010."}
{"level":"info","message":"Balance Inquiry API running on portAPIBalanceInquiry 3000."}
{"level":"info","message":"IPC API running on portApiIpc 3010."}
{"level":"info","message":"Balance Inquiry API running on portAPIBalanceInquiry 3000."}
{"level":"info","message":"IPC API running on portApiIpc 3010."}
{"level":"info","message":"Balance Inquiry API running on portAPIBalanceInquiry 3000."}
{"level":"info","message":"IPC API running on portApiIpc 3010."}
{"level":"info","message":"Balance Inquiry API running on portAPIBalanceInquiry 3000."}
{"level":"info","message":"IPC API running on portApiIpc 3010."}
{"level":"info","message":"Balance Inquiry API running on portAPIBalanceInquiry 3000."}
{"level":"info","message":"IPC API running on portApiIpc 3010."}
{"level":"info","message":"Balance Inquiry API running on portAPIBalanceInquiry 3000."}
{"level":"info","message":"IPC API running on portApiIpc 3010."}
{"level":"info","message":"Balance Inquiry API running on portAPIBalanceInquiry 3000."}
{"level":"info","message":"IPC API running on portApiIpc 3010."}
{"level":"info","message":"Balance Inquiry API running on portAPIBalanceInquiry 3000."}
{"level":"info","message":"IPC API running on portApiIpc 3010."}
{"level":"info","message":"Balance Inquiry API running on portAPIBalanceInquiry 3000."}
{"level":"info","message":"IPC API running on portApiIpc 3010."}
{"level":"info","message":"Balance Inquiry API running on portAPIBalanceInquiry 3000."}
{"level":"info","message":"IPC API running on portApiIpc 3010."}
{"level":"info","message":"Balance Inquiry API running on portAPIBalanceInquiry 3000."}
{"level":"info","message":"IPC API running on portApiIpc 3010."}
{"level":"info","message":"Balance Inquiry API running on portAPIBalanceInquiry 3000."}
{"level":"info","message":"IPC API running on portApiIpc 3010."}
{"level":"info","message":"Balance Inquiry API running on portAPIBalanceInquiry 3000."}
{"level":"info","message":"IPC API running on portApiIpc 3010."}
{"level":"info","message":"Balance Inquiry API running on portAPIBalanceInquiry 3000."}
{"level":"info","message":"IPC API running on portApiIpc 3010."}
{"level":"info","message":"Balance Inquiry API running on portAPIBalanceInquiry 3000."}
{"level":"info","message":"IPC API running on portApiIpc 3010."}
{"level":"info","message":"Balance Inquiry API running on portAPIBalanceInquiry 3000."}
{"level":"info","message":"IPC API running on portApiIpc 3010."}
{"level":"info","message":"Balance Inquiry API running on portAPIBalanceInquiry 3000."}
{"level":"info","message":"IPC API running on portApiIpc 3010."}
{"level":"info","message":"Balance Inquiry API running on portAPIBalanceInquiry 3000."}
{"level":"info","message":"IPC API running on portApiIpc 3010."}
{"level":"info","message":"Balance Inquiry API running on portAPIBalanceInquiry 3000."}
{"level":"info","message":"IPC API running on portApiIpc 3010."}
{"level":"info","message":"Balance Inquiry API running on portAPIBalanceInquiry 3000."}
{"level":"info","message":"IPC API running on portApiIpc 3010."}
{"level":"info","message":"Balance Inquiry API running on portAPIBalanceInquiry 3000."}
{"level":"info","message":"IPC API running on portApiIpc 3010."}
{"level":"info","message":"Balance Inquiry API running on portAPIBalanceInquiry 3000."}
{"level":"info","message":"IPC API running on portApiIpc 3010."}
{"level":"info","message":"Balance Inquiry API running on portAPIBalanceInquiry 3000."}
{"level":"info","message":"IPC API running on portApiIpc 3010."}
{"level":"info","message":"Balance Inquiry API running on portAPIBalanceInquiry 3000."}
{"level":"info","message":"IPC API running on portApiIpc 3010."}
{"level":"info","message":"Balance Inquiry API running on portAPIBalanceInquiry 3000."}
{"level":"info","message":"IPC API running on portApiIpc 3010."}
{"level":"info","message":"Balance Inquiry API running on portAPIBalanceInquiry 3000."}
{"level":"info","message":"IPC API running on portApiIpc 3010."}
{"level":"info","message":"Balance Inquiry API running on portAPIBalanceInquiry 3000."}
{"level":"info","message":"IPC API running on portApiIpc 3010."}
{"level":"info","message":"Balance Inquiry API running on portAPIBalanceInquiry 3000."}
{"level":"info","message":"IPC API running on portApiIpc 3010."}
{"level":"info","message":"Balance Inquiry API running on portAPIBalanceInquiry 3000."}
{"level":"info","message":"IPC API running on portApiIpc 3010."}
{"level":"info","message":"Balance Inquiry API running on portAPIBalanceInquiry 3000."}
{"level":"info","message":"IPC API running on portApiIpc 3010."}
{"level":"info","message":"Balance Inquiry API running on portAPIBalanceInquiry 3000."}
{"level":"info","message":"IPC API running on portApiIpc 3010."}
{"level":"info","message":"Balance Inquiry API running on portAPIBalanceInquiry 3000."}
{"level":"info","message":"IPC API running on portApiIpc 3010."}
{"level":"info","message":"Balance Inquiry API running on portAPIBalanceInquiry 3000."}
{"level":"info","message":"IPC API running on portApiIpc 3010."}
{"level":"info","message":"Balance Inquiry API running on portAPIBalanceInquiry 3000."}
{"level":"info","message":"IPC API running on portApiIpc 3010."}
{"level":"info","message":"Balance Inquiry API running on portAPIBalanceInquiry 3000."}
{"level":"info","message":"IPC API running on portApiIpc 3010."}
{"level":"info","message":"Balance Inquiry API running on portAPIBalanceInquiry 3005."}
{"level":"info","message":"IPC API running on portApiIpc 3010."}
{"level":"info","message":"Balance Inquiry API running on portAPIBalanceInquiry 3005."}
{"level":"info","message":"IPC API running on portApiIpc 3010."}
{"level":"info","message":"Balance Inquiry API running on portAPIBalanceInquiry 3005."}
{"level":"info","message":"IPC API running on portApiIpc 3010."}
{"level":"info","message":"IPC API running on portApiIpc 3010."}
{"level":"info","message":"Balance Inquiry API running on portAPIBalanceInquiry 3005."}
{"level":"info","message":"Balance Inquiry API running on portAPIBalanceInquiry 3005."}
{"level":"info","message":"IPC API running on portApiIpc 3010."}
{"level":"info","message":"Balance Inquiry API running on portAPIBalanceInquiry 3005."}
{"level":"info","message":"IPC API running on portApiIpc 3010."}
{"level":"info","message":"Balance Inquiry API running on portAPIBalanceInquiry 3005."}
{"level":"info","message":"IPC API running on portApiIpc 3010."}
{"level":"info","message":"Balance Inquiry API running on portAPIBalanceInquiry 3005."}
{"level":"info","message":"IPC API running on portApiIpc 3010."}
{"level":"info","message":"Balance Inquiry API running on portAPIBalanceInquiry 3005."}
{"level":"info","message":"IPC API running on portApiIpc 3010."}
{"level":"info","message":"Balance Inquiry API running on portAPIBalanceInquiry 3005."}
{"level":"info","message":"IPC API running on portApiIpc 3010."}
{"level":"info","message":"Balance Inquiry API running on portAPIBalanceInquiry 3005."}
{"level":"info","message":"IPC API running on portApiIpc 3010."}
{"level":"info","message":"Balance Inquiry API running on portAPIBalanceInquiry 3005."}
{"level":"info","message":"IPC API running on portApiIpc 3010."}
